<?xml version="1.0" encoding="UTF-8"?>
<!-- Generated by org.testng.reporters.JUnitReportReporter -->
<testsuite skipped="0" hostname="ozakarias-win" name="FrontendTests" tests="1" failures="0" timestamp="09 Feb 2018 14:51:58 GMT" time="0.004" errors="0">
  <testcase name="testSomeFrontEndStuff" time="0.004" classname="FrontendTests"/>
</testsuite> <!-- FrontendTests -->
