<?xml version="1.0" encoding="UTF-8"?>
<!-- Generated by org.testng.reporters.JUnitReportReporter -->
<testsuite skipped="0" hostname="ozakarias-win" name="TestsThatUseBackendStuff" tests="1" failures="0" timestamp="09 Feb 2018 14:51:58 GMT" time="0.000" errors="0">
  <testcase name="testThatUsesBackendStuff" time="0.000" classname="TestsThatUseBackendStuff"/>
</testsuite> <!-- TestsThatUseBackendStuff -->
