<?xml version="1.0" encoding="UTF-8"?>
<!-- Generated by org.testng.reporters.JUnitReportReporter -->
<testsuite skipped="0" hostname="ozakarias-win" name="BackendTests" tests="1" failures="0" timestamp="09 Feb 2018 14:51:57 GMT" time="0.005" errors="0">
  <testcase name="testSomeBackendStuff" time="0.005" classname="BackendTests"/>
</testsuite> <!-- BackendTests -->
